2025-06-28 18:17:02,982 [Worker-5: Loading available Gradle versions] INFO  o.e.b.c.i.u.g.PublishedGradleVersions - Gradle version information cache is not available. Remote download required.
2025-06-28 18:17:24,398 [Worker-0: Importing Maven projects] INFO  o.e.m.c.i.l.LifecycleMappingFactory - Using org.eclipse.m2e.jdt.JarLifecycleMapping lifecycle mapping for MavenProject: com.gestion:backend:0.0.1-SNAPSHOT @ C:\workspace\TFI\Gestion-docentes\backend\pom.xml.
2025-06-28 18:17:26,312 [Worker-0: Importing Maven projects] INFO  o.e.m.j.i.AbstractJavaProjectConfigurator - Adding source folder /backend/src/main/java
2025-06-28 18:17:26,344 [Worker-0: Importing Maven projects] INFO  o.e.m.j.i.AbstractJavaProjectConfigurator - Adding resource folder /backend/src/main/resources
2025-06-28 18:17:26,345 [Worker-0: Importing Maven projects] INFO  o.e.m.j.i.AbstractJavaProjectConfigurator - Adding resource folder /backend/src/main/resources
2025-06-28 18:17:26,347 [Worker-0: Importing Maven projects] INFO  o.e.m.j.i.AbstractJavaProjectConfigurator - Adding source folder /backend/src/test/java
2025-06-28 18:17:26,351 [Worker-0: Importing Maven projects] INFO  o.e.m.j.i.AbstractJavaProjectConfigurator - Adding resource folder /backend/src/test/resources
2025-06-28 18:17:26,780 [Worker-0: Importing Maven projects] INFO  o.e.m.c.i.p.ProjectConfigurationManager - Imported and configured 1 project(s) in 4 sec
2025-06-28 18:17:28,029 [Worker-8: Building] INFO  o.a.m.s.f.DefaultMavenResourcesFiltering - Copying 1 resource from src\main\resources to target\classes
2025-06-28 18:17:28,057 [Worker-8: Building] INFO  o.a.m.s.f.DefaultMavenResourcesFiltering - Copying 0 resource from src\main\resources to target\classes
2025-06-28 18:17:28,063 [Worker-8: Building] INFO  o.a.m.s.f.DefaultMavenResourcesFiltering - skip non existing resourceDirectory C:\workspace\TFI\Gestion-docentes\backend\src\test\resources
2025-06-28 18:17:39,436 [main] INFO  o.e.m2e.actions.ExecutePomAction - Creating new launch configuration
2025-06-28 18:17:43,449 [Worker-8: Launching backend] INFO  o.eclipse.m2e.core.internal.Bundles - getClasspathEntries(Bundle=org.eclipse.m2e.maven.runtime_3.9.900.20250220-2013 [364])
2025-06-28 18:17:43,451 [Worker-8: Launching backend] INFO  o.eclipse.m2e.core.internal.Bundles - 	Entry: C:\workspace\sts-4.31.0.RELEASE\plugins\org.eclipse.m2e.maven.runtime_3.9.900.20250220-2013
2025-06-28 18:17:43,452 [Worker-8: Launching backend] INFO  o.eclipse.m2e.core.internal.Bundles - 	Entry: C:\workspace\sts-4.31.0.RELEASE\plugins\org.eclipse.m2e.maven.runtime_3.9.900.20250220-2013\jars\aopalliance-1.0.jar
2025-06-28 18:17:43,452 [Worker-8: Launching backend] INFO  o.eclipse.m2e.core.internal.Bundles - 	Entry: C:\workspace\sts-4.31.0.RELEASE\plugins\org.eclipse.m2e.maven.runtime_3.9.900.20250220-2013\jars\guice-5.1.0.jar
2025-06-28 18:17:43,452 [Worker-8: Launching backend] INFO  o.eclipse.m2e.core.internal.Bundles - 	Entry: C:\workspace\sts-4.31.0.RELEASE\plugins\org.eclipse.m2e.maven.runtime_3.9.900.20250220-2013\jars\httpclient-4.5.14.jar
2025-06-28 18:17:43,453 [Worker-8: Launching backend] INFO  o.eclipse.m2e.core.internal.Bundles - 	Entry: C:\workspace\sts-4.31.0.RELEASE\plugins\org.eclipse.m2e.maven.runtime_3.9.900.20250220-2013\jars\httpcore-4.4.16.jar
2025-06-28 18:17:43,453 [Worker-8: Launching backend] INFO  o.eclipse.m2e.core.internal.Bundles - 	Entry: C:\workspace\sts-4.31.0.RELEASE\plugins\org.eclipse.m2e.maven.runtime_3.9.900.20250220-2013\jars\jansi-2.4.1.jar
2025-06-28 18:17:43,453 [Worker-8: Launching backend] INFO  o.eclipse.m2e.core.internal.Bundles - 	Entry: C:\workspace\sts-4.31.0.RELEASE\plugins\org.eclipse.m2e.maven.runtime_3.9.900.20250220-2013\jars\jcl-over-slf4j-1.7.36.jar
2025-06-28 18:17:43,453 [Worker-8: Launching backend] INFO  o.eclipse.m2e.core.internal.Bundles - 	Entry: C:\workspace\sts-4.31.0.RELEASE\plugins\org.eclipse.m2e.maven.runtime_3.9.900.20250220-2013\jars\maven-artifact-3.9.9.jar
2025-06-28 18:17:43,454 [Worker-8: Launching backend] INFO  o.eclipse.m2e.core.internal.Bundles - 	Entry: C:\workspace\sts-4.31.0.RELEASE\plugins\org.eclipse.m2e.maven.runtime_3.9.900.20250220-2013\jars\maven-builder-support-3.9.9.jar
2025-06-28 18:17:43,454 [Worker-8: Launching backend] INFO  o.eclipse.m2e.core.internal.Bundles - 	Entry: C:\workspace\sts-4.31.0.RELEASE\plugins\org.eclipse.m2e.maven.runtime_3.9.900.20250220-2013\jars\maven-compat-3.9.9.jar
2025-06-28 18:17:43,454 [Worker-8: Launching backend] INFO  o.eclipse.m2e.core.internal.Bundles - 	Entry: C:\workspace\sts-4.31.0.RELEASE\plugins\org.eclipse.m2e.maven.runtime_3.9.900.20250220-2013\jars\maven-core-3.9.9.jar
2025-06-28 18:17:43,454 [Worker-8: Launching backend] INFO  o.eclipse.m2e.core.internal.Bundles - 	Entry: C:\workspace\sts-4.31.0.RELEASE\plugins\org.eclipse.m2e.maven.runtime_3.9.900.20250220-2013\jars\maven-embedder-3.9.9.jar
2025-06-28 18:17:43,454 [Worker-8: Launching backend] INFO  o.eclipse.m2e.core.internal.Bundles - 	Entry: C:\workspace\sts-4.31.0.RELEASE\plugins\org.eclipse.m2e.maven.runtime_3.9.900.20250220-2013\jars\maven-model-3.9.9.jar
2025-06-28 18:17:43,454 [Worker-8: Launching backend] INFO  o.eclipse.m2e.core.internal.Bundles - 	Entry: C:\workspace\sts-4.31.0.RELEASE\plugins\org.eclipse.m2e.maven.runtime_3.9.900.20250220-2013\jars\maven-model-builder-3.9.9.jar
2025-06-28 18:17:43,454 [Worker-8: Launching backend] INFO  o.eclipse.m2e.core.internal.Bundles - 	Entry: C:\workspace\sts-4.31.0.RELEASE\plugins\org.eclipse.m2e.maven.runtime_3.9.900.20250220-2013\jars\maven-plugin-api-3.9.9.jar
2025-06-28 18:17:43,454 [Worker-8: Launching backend] INFO  o.eclipse.m2e.core.internal.Bundles - 	Entry: C:\workspace\sts-4.31.0.RELEASE\plugins\org.eclipse.m2e.maven.runtime_3.9.900.20250220-2013\jars\maven-repository-metadata-3.9.9.jar
2025-06-28 18:17:43,455 [Worker-8: Launching backend] INFO  o.eclipse.m2e.core.internal.Bundles - 	Entry: C:\workspace\sts-4.31.0.RELEASE\plugins\org.eclipse.m2e.maven.runtime_3.9.900.20250220-2013\jars\maven-resolver-api-1.9.22.jar
2025-06-28 18:17:43,455 [Worker-8: Launching backend] INFO  o.eclipse.m2e.core.internal.Bundles - 	Entry: C:\workspace\sts-4.31.0.RELEASE\plugins\org.eclipse.m2e.maven.runtime_3.9.900.20250220-2013\jars\maven-resolver-connector-basic-1.9.22.jar
2025-06-28 18:17:43,455 [Worker-8: Launching backend] INFO  o.eclipse.m2e.core.internal.Bundles - 	Entry: C:\workspace\sts-4.31.0.RELEASE\plugins\org.eclipse.m2e.maven.runtime_3.9.900.20250220-2013\jars\maven-resolver-impl-1.9.22.jar
2025-06-28 18:17:43,455 [Worker-8: Launching backend] INFO  o.eclipse.m2e.core.internal.Bundles - 	Entry: C:\workspace\sts-4.31.0.RELEASE\plugins\org.eclipse.m2e.maven.runtime_3.9.900.20250220-2013\jars\maven-resolver-named-locks-1.9.22.jar
2025-06-28 18:17:43,455 [Worker-8: Launching backend] INFO  o.eclipse.m2e.core.internal.Bundles - 	Entry: C:\workspace\sts-4.31.0.RELEASE\plugins\org.eclipse.m2e.maven.runtime_3.9.900.20250220-2013\jars\maven-resolver-provider-3.9.9.jar
2025-06-28 18:17:43,455 [Worker-8: Launching backend] INFO  o.eclipse.m2e.core.internal.Bundles - 	Entry: C:\workspace\sts-4.31.0.RELEASE\plugins\org.eclipse.m2e.maven.runtime_3.9.900.20250220-2013\jars\maven-resolver-spi-1.9.22.jar
2025-06-28 18:17:43,455 [Worker-8: Launching backend] INFO  o.eclipse.m2e.core.internal.Bundles - 	Entry: C:\workspace\sts-4.31.0.RELEASE\plugins\org.eclipse.m2e.maven.runtime_3.9.900.20250220-2013\jars\maven-resolver-transport-file-1.9.22.jar
2025-06-28 18:17:43,455 [Worker-8: Launching backend] INFO  o.eclipse.m2e.core.internal.Bundles - 	Entry: C:\workspace\sts-4.31.0.RELEASE\plugins\org.eclipse.m2e.maven.runtime_3.9.900.20250220-2013\jars\maven-resolver-transport-http-1.9.22.jar
2025-06-28 18:17:43,456 [Worker-8: Launching backend] INFO  o.eclipse.m2e.core.internal.Bundles - 	Entry: C:\workspace\sts-4.31.0.RELEASE\plugins\org.eclipse.m2e.maven.runtime_3.9.900.20250220-2013\jars\maven-resolver-transport-wagon-1.9.22.jar
2025-06-28 18:17:43,456 [Worker-8: Launching backend] INFO  o.eclipse.m2e.core.internal.Bundles - 	Entry: C:\workspace\sts-4.31.0.RELEASE\plugins\org.eclipse.m2e.maven.runtime_3.9.900.20250220-2013\jars\maven-resolver-util-1.9.22.jar
2025-06-28 18:17:43,456 [Worker-8: Launching backend] INFO  o.eclipse.m2e.core.internal.Bundles - 	Entry: C:\workspace\sts-4.31.0.RELEASE\plugins\org.eclipse.m2e.maven.runtime_3.9.900.20250220-2013\jars\maven-settings-3.9.9.jar
2025-06-28 18:17:43,456 [Worker-8: Launching backend] INFO  o.eclipse.m2e.core.internal.Bundles - 	Entry: C:\workspace\sts-4.31.0.RELEASE\plugins\org.eclipse.m2e.maven.runtime_3.9.900.20250220-2013\jars\maven-settings-builder-3.9.9.jar
2025-06-28 18:17:43,456 [Worker-8: Launching backend] INFO  o.eclipse.m2e.core.internal.Bundles - 	Entry: C:\workspace\sts-4.31.0.RELEASE\plugins\org.eclipse.m2e.maven.runtime_3.9.900.20250220-2013\jars\maven-shared-utils-3.4.2.jar
2025-06-28 18:17:43,457 [Worker-8: Launching backend] INFO  o.eclipse.m2e.core.internal.Bundles - 	Entry: C:\workspace\sts-4.31.0.RELEASE\plugins\org.eclipse.m2e.maven.runtime_3.9.900.20250220-2013\jars\org.eclipse.sisu.inject-0.9.0.M3.jar
2025-06-28 18:17:43,457 [Worker-8: Launching backend] INFO  o.eclipse.m2e.core.internal.Bundles - 	Entry: C:\workspace\sts-4.31.0.RELEASE\plugins\org.eclipse.m2e.maven.runtime_3.9.900.20250220-2013\jars\org.eclipse.sisu.plexus-0.9.0.M3.jar
2025-06-28 18:17:43,457 [Worker-8: Launching backend] INFO  o.eclipse.m2e.core.internal.Bundles - 	Entry: C:\workspace\sts-4.31.0.RELEASE\plugins\org.eclipse.m2e.maven.runtime_3.9.900.20250220-2013\jars\plexus-build-api-0.0.7.jar
2025-06-28 18:17:43,457 [Worker-8: Launching backend] INFO  o.eclipse.m2e.core.internal.Bundles - 	Entry: C:\workspace\sts-4.31.0.RELEASE\plugins\org.eclipse.m2e.maven.runtime_3.9.900.20250220-2013\jars\plexus-build-api-1.2.0.jar
2025-06-28 18:17:43,457 [Worker-8: Launching backend] INFO  o.eclipse.m2e.core.internal.Bundles - 	Entry: C:\workspace\sts-4.31.0.RELEASE\plugins\org.eclipse.m2e.maven.runtime_3.9.900.20250220-2013\jars\plexus-cipher-2.0.jar
2025-06-28 18:17:43,458 [Worker-8: Launching backend] INFO  o.eclipse.m2e.core.internal.Bundles - 	Entry: C:\workspace\sts-4.31.0.RELEASE\plugins\org.eclipse.m2e.maven.runtime_3.9.900.20250220-2013\jars\plexus-classworlds-2.8.0.jar
2025-06-28 18:17:43,458 [Worker-8: Launching backend] INFO  o.eclipse.m2e.core.internal.Bundles - 	Entry: C:\workspace\sts-4.31.0.RELEASE\plugins\org.eclipse.m2e.maven.runtime_3.9.900.20250220-2013\jars\plexus-component-annotations-2.1.0.jar
2025-06-28 18:17:43,458 [Worker-8: Launching backend] INFO  o.eclipse.m2e.core.internal.Bundles - 	Entry: C:\workspace\sts-4.31.0.RELEASE\plugins\org.eclipse.m2e.maven.runtime_3.9.900.20250220-2013\jars\plexus-interpolation-1.27.jar
2025-06-28 18:17:43,458 [Worker-8: Launching backend] INFO  o.eclipse.m2e.core.internal.Bundles - 	Entry: C:\workspace\sts-4.31.0.RELEASE\plugins\org.eclipse.m2e.maven.runtime_3.9.900.20250220-2013\jars\plexus-sec-dispatcher-2.0.jar
2025-06-28 18:17:43,458 [Worker-8: Launching backend] INFO  o.eclipse.m2e.core.internal.Bundles - 	Entry: C:\workspace\sts-4.31.0.RELEASE\plugins\org.eclipse.m2e.maven.runtime_3.9.900.20250220-2013\jars\plexus-utils-3.5.1.jar
2025-06-28 18:17:43,458 [Worker-8: Launching backend] INFO  o.eclipse.m2e.core.internal.Bundles - 	Entry: C:\workspace\sts-4.31.0.RELEASE\plugins\org.eclipse.m2e.maven.runtime_3.9.900.20250220-2013\jars\plexus-xml-3.0.1.jar
2025-06-28 18:17:43,458 [Worker-8: Launching backend] INFO  o.eclipse.m2e.core.internal.Bundles - 	Entry: C:\workspace\sts-4.31.0.RELEASE\plugins\org.eclipse.m2e.maven.runtime_3.9.900.20250220-2013\jars\wagon-file-3.5.3.jar
2025-06-28 18:17:43,458 [Worker-8: Launching backend] INFO  o.eclipse.m2e.core.internal.Bundles - 	Entry: C:\workspace\sts-4.31.0.RELEASE\plugins\org.eclipse.m2e.maven.runtime_3.9.900.20250220-2013\jars\wagon-http-3.5.3.jar
2025-06-28 18:17:43,458 [Worker-8: Launching backend] INFO  o.eclipse.m2e.core.internal.Bundles - 	Entry: C:\workspace\sts-4.31.0.RELEASE\plugins\org.eclipse.m2e.maven.runtime_3.9.900.20250220-2013\jars\wagon-http-shared-3.5.3.jar
2025-06-28 18:17:43,458 [Worker-8: Launching backend] INFO  o.eclipse.m2e.core.internal.Bundles - 	Entry: C:\workspace\sts-4.31.0.RELEASE\plugins\org.eclipse.m2e.maven.runtime_3.9.900.20250220-2013\jars\wagon-provider-api-3.5.3.jar
2025-06-28 18:17:43,461 [Worker-8: Launching backend] INFO  o.eclipse.m2e.core.internal.Bundles - getClasspathEntries(Bundle=com.google.guava_33.4.8.jre [31])
2025-06-28 18:17:43,461 [Worker-8: Launching backend] INFO  o.eclipse.m2e.core.internal.Bundles - 	Entry: C:\workspace\sts-4.31.0.RELEASE\plugins\com.google.guava_33.4.8.jre.jar
2025-06-28 18:17:43,461 [Worker-8: Launching backend] INFO  o.eclipse.m2e.core.internal.Bundles - getClasspathEntries(Bundle=slf4j.api_2.0.17 [613])
2025-06-28 18:17:43,462 [Worker-8: Launching backend] INFO  o.eclipse.m2e.core.internal.Bundles - 	Entry: C:\workspace\sts-4.31.0.RELEASE\plugins\slf4j.api_2.0.17.jar
2025-06-28 18:17:43,462 [Worker-8: Launching backend] INFO  o.eclipse.m2e.core.internal.Bundles - getClasspathEntries(Bundle=jakarta.inject.jakarta.inject-api_1.0.5 [46])
2025-06-28 18:17:43,462 [Worker-8: Launching backend] INFO  o.eclipse.m2e.core.internal.Bundles - 	Entry: C:\workspace\sts-4.31.0.RELEASE\plugins\jakarta.inject.jakarta.inject-api_1.0.5.jar
2025-06-28 18:17:43,462 [Worker-8: Launching backend] INFO  o.eclipse.m2e.core.internal.Bundles - getClasspathEntries(Bundle=javax.annotation_1.3.5.v20200909-1856 [55])
2025-06-28 18:17:43,462 [Worker-8: Launching backend] INFO  o.eclipse.m2e.core.internal.Bundles - 	Entry: C:\workspace\sts-4.31.0.RELEASE\plugins\javax.annotation_1.3.5.v20200909-1856.jar
2025-06-28 18:17:43,462 [Worker-8: Launching backend] INFO  o.eclipse.m2e.core.internal.Bundles - getClasspathEntries(Bundle=org.apache.commons.cli_1.9.0 [79])
2025-06-28 18:17:43,462 [Worker-8: Launching backend] INFO  o.eclipse.m2e.core.internal.Bundles - 	Entry: C:\workspace\sts-4.31.0.RELEASE\plugins\org.apache.commons.cli_1.9.0.jar
2025-06-28 18:17:43,462 [Worker-8: Launching backend] INFO  o.eclipse.m2e.core.internal.Bundles - getClasspathEntries(Bundle=org.apache.commons.commons-codec_1.16.0 [81])
2025-06-28 18:17:43,462 [Worker-8: Launching backend] INFO  o.eclipse.m2e.core.internal.Bundles - 	Entry: C:\workspace\sts-4.31.0.RELEASE\plugins\org.apache.commons.commons-codec_1.16.0.jar
2025-06-28 18:17:43,462 [Worker-8: Launching backend] INFO  o.eclipse.m2e.core.internal.Bundles - getClasspathEntries(Bundle=com.google.guava.failureaccess_1.0.3 [32])
2025-06-28 18:17:43,463 [Worker-8: Launching backend] INFO  o.eclipse.m2e.core.internal.Bundles - 	Entry: C:\workspace\sts-4.31.0.RELEASE\plugins\com.google.guava.failureaccess_1.0.3.jar
2025-06-28 18:17:43,466 [Worker-8: Launching backend] INFO  o.e.m.i.launch.MavenLaunchDelegate - Run build in "C:\workspace\TFI\Gestion-docentes\backend":
2025-06-28 18:17:43,475 [Worker-8: Launching backend] INFO  o.e.m.i.launch.MavenLaunchDelegate -  mvn  -B -Dstyle.color=always 
2025-06-28 18:20:53,975 [Worker-9: Launching Executing clean in C__workspace_TFI_Gestion-docentes_backend] INFO  o.eclipse.m2e.core.internal.Bundles - getClasspathEntries(Bundle=org.eclipse.m2e.maven.runtime_3.9.900.20250220-2013 [364])
2025-06-28 18:20:53,976 [Worker-9: Launching Executing clean in C__workspace_TFI_Gestion-docentes_backend] INFO  o.eclipse.m2e.core.internal.Bundles - 	Entry: C:\workspace\sts-4.31.0.RELEASE\plugins\org.eclipse.m2e.maven.runtime_3.9.900.20250220-2013
2025-06-28 18:20:53,977 [Worker-9: Launching Executing clean in C__workspace_TFI_Gestion-docentes_backend] INFO  o.eclipse.m2e.core.internal.Bundles - 	Entry: C:\workspace\sts-4.31.0.RELEASE\plugins\org.eclipse.m2e.maven.runtime_3.9.900.20250220-2013\jars\aopalliance-1.0.jar
2025-06-28 18:20:53,977 [Worker-9: Launching Executing clean in C__workspace_TFI_Gestion-docentes_backend] INFO  o.eclipse.m2e.core.internal.Bundles - 	Entry: C:\workspace\sts-4.31.0.RELEASE\plugins\org.eclipse.m2e.maven.runtime_3.9.900.20250220-2013\jars\guice-5.1.0.jar
2025-06-28 18:20:53,977 [Worker-9: Launching Executing clean in C__workspace_TFI_Gestion-docentes_backend] INFO  o.eclipse.m2e.core.internal.Bundles - 	Entry: C:\workspace\sts-4.31.0.RELEASE\plugins\org.eclipse.m2e.maven.runtime_3.9.900.20250220-2013\jars\httpclient-4.5.14.jar
2025-06-28 18:20:53,977 [Worker-9: Launching Executing clean in C__workspace_TFI_Gestion-docentes_backend] INFO  o.eclipse.m2e.core.internal.Bundles - 	Entry: C:\workspace\sts-4.31.0.RELEASE\plugins\org.eclipse.m2e.maven.runtime_3.9.900.20250220-2013\jars\httpcore-4.4.16.jar
2025-06-28 18:20:53,977 [Worker-9: Launching Executing clean in C__workspace_TFI_Gestion-docentes_backend] INFO  o.eclipse.m2e.core.internal.Bundles - 	Entry: C:\workspace\sts-4.31.0.RELEASE\plugins\org.eclipse.m2e.maven.runtime_3.9.900.20250220-2013\jars\jansi-2.4.1.jar
2025-06-28 18:20:53,978 [Worker-9: Launching Executing clean in C__workspace_TFI_Gestion-docentes_backend] INFO  o.eclipse.m2e.core.internal.Bundles - 	Entry: C:\workspace\sts-4.31.0.RELEASE\plugins\org.eclipse.m2e.maven.runtime_3.9.900.20250220-2013\jars\jcl-over-slf4j-1.7.36.jar
2025-06-28 18:20:53,978 [Worker-9: Launching Executing clean in C__workspace_TFI_Gestion-docentes_backend] INFO  o.eclipse.m2e.core.internal.Bundles - 	Entry: C:\workspace\sts-4.31.0.RELEASE\plugins\org.eclipse.m2e.maven.runtime_3.9.900.20250220-2013\jars\maven-artifact-3.9.9.jar
2025-06-28 18:20:53,978 [Worker-9: Launching Executing clean in C__workspace_TFI_Gestion-docentes_backend] INFO  o.eclipse.m2e.core.internal.Bundles - 	Entry: C:\workspace\sts-4.31.0.RELEASE\plugins\org.eclipse.m2e.maven.runtime_3.9.900.20250220-2013\jars\maven-builder-support-3.9.9.jar
2025-06-28 18:20:53,978 [Worker-9: Launching Executing clean in C__workspace_TFI_Gestion-docentes_backend] INFO  o.eclipse.m2e.core.internal.Bundles - 	Entry: C:\workspace\sts-4.31.0.RELEASE\plugins\org.eclipse.m2e.maven.runtime_3.9.900.20250220-2013\jars\maven-compat-3.9.9.jar
2025-06-28 18:20:53,978 [Worker-9: Launching Executing clean in C__workspace_TFI_Gestion-docentes_backend] INFO  o.eclipse.m2e.core.internal.Bundles - 	Entry: C:\workspace\sts-4.31.0.RELEASE\plugins\org.eclipse.m2e.maven.runtime_3.9.900.20250220-2013\jars\maven-core-3.9.9.jar
2025-06-28 18:20:53,978 [Worker-9: Launching Executing clean in C__workspace_TFI_Gestion-docentes_backend] INFO  o.eclipse.m2e.core.internal.Bundles - 	Entry: C:\workspace\sts-4.31.0.RELEASE\plugins\org.eclipse.m2e.maven.runtime_3.9.900.20250220-2013\jars\maven-embedder-3.9.9.jar
2025-06-28 18:20:53,978 [Worker-9: Launching Executing clean in C__workspace_TFI_Gestion-docentes_backend] INFO  o.eclipse.m2e.core.internal.Bundles - 	Entry: C:\workspace\sts-4.31.0.RELEASE\plugins\org.eclipse.m2e.maven.runtime_3.9.900.20250220-2013\jars\maven-model-3.9.9.jar
2025-06-28 18:20:53,978 [Worker-9: Launching Executing clean in C__workspace_TFI_Gestion-docentes_backend] INFO  o.eclipse.m2e.core.internal.Bundles - 	Entry: C:\workspace\sts-4.31.0.RELEASE\plugins\org.eclipse.m2e.maven.runtime_3.9.900.20250220-2013\jars\maven-model-builder-3.9.9.jar
2025-06-28 18:20:53,978 [Worker-9: Launching Executing clean in C__workspace_TFI_Gestion-docentes_backend] INFO  o.eclipse.m2e.core.internal.Bundles - 	Entry: C:\workspace\sts-4.31.0.RELEASE\plugins\org.eclipse.m2e.maven.runtime_3.9.900.20250220-2013\jars\maven-plugin-api-3.9.9.jar
2025-06-28 18:20:53,978 [Worker-9: Launching Executing clean in C__workspace_TFI_Gestion-docentes_backend] INFO  o.eclipse.m2e.core.internal.Bundles - 	Entry: C:\workspace\sts-4.31.0.RELEASE\plugins\org.eclipse.m2e.maven.runtime_3.9.900.20250220-2013\jars\maven-repository-metadata-3.9.9.jar
2025-06-28 18:20:53,978 [Worker-9: Launching Executing clean in C__workspace_TFI_Gestion-docentes_backend] INFO  o.eclipse.m2e.core.internal.Bundles - 	Entry: C:\workspace\sts-4.31.0.RELEASE\plugins\org.eclipse.m2e.maven.runtime_3.9.900.20250220-2013\jars\maven-resolver-api-1.9.22.jar
2025-06-28 18:20:53,978 [Worker-9: Launching Executing clean in C__workspace_TFI_Gestion-docentes_backend] INFO  o.eclipse.m2e.core.internal.Bundles - 	Entry: C:\workspace\sts-4.31.0.RELEASE\plugins\org.eclipse.m2e.maven.runtime_3.9.900.20250220-2013\jars\maven-resolver-connector-basic-1.9.22.jar
2025-06-28 18:20:53,978 [Worker-9: Launching Executing clean in C__workspace_TFI_Gestion-docentes_backend] INFO  o.eclipse.m2e.core.internal.Bundles - 	Entry: C:\workspace\sts-4.31.0.RELEASE\plugins\org.eclipse.m2e.maven.runtime_3.9.900.20250220-2013\jars\maven-resolver-impl-1.9.22.jar
2025-06-28 18:20:53,978 [Worker-9: Launching Executing clean in C__workspace_TFI_Gestion-docentes_backend] INFO  o.eclipse.m2e.core.internal.Bundles - 	Entry: C:\workspace\sts-4.31.0.RELEASE\plugins\org.eclipse.m2e.maven.runtime_3.9.900.20250220-2013\jars\maven-resolver-named-locks-1.9.22.jar
2025-06-28 18:20:53,979 [Worker-9: Launching Executing clean in C__workspace_TFI_Gestion-docentes_backend] INFO  o.eclipse.m2e.core.internal.Bundles - 	Entry: C:\workspace\sts-4.31.0.RELEASE\plugins\org.eclipse.m2e.maven.runtime_3.9.900.20250220-2013\jars\maven-resolver-provider-3.9.9.jar
2025-06-28 18:20:53,979 [Worker-9: Launching Executing clean in C__workspace_TFI_Gestion-docentes_backend] INFO  o.eclipse.m2e.core.internal.Bundles - 	Entry: C:\workspace\sts-4.31.0.RELEASE\plugins\org.eclipse.m2e.maven.runtime_3.9.900.20250220-2013\jars\maven-resolver-spi-1.9.22.jar
2025-06-28 18:20:53,979 [Worker-9: Launching Executing clean in C__workspace_TFI_Gestion-docentes_backend] INFO  o.eclipse.m2e.core.internal.Bundles - 	Entry: C:\workspace\sts-4.31.0.RELEASE\plugins\org.eclipse.m2e.maven.runtime_3.9.900.20250220-2013\jars\maven-resolver-transport-file-1.9.22.jar
2025-06-28 18:20:53,979 [Worker-9: Launching Executing clean in C__workspace_TFI_Gestion-docentes_backend] INFO  o.eclipse.m2e.core.internal.Bundles - 	Entry: C:\workspace\sts-4.31.0.RELEASE\plugins\org.eclipse.m2e.maven.runtime_3.9.900.20250220-2013\jars\maven-resolver-transport-http-1.9.22.jar
2025-06-28 18:20:53,979 [Worker-9: Launching Executing clean in C__workspace_TFI_Gestion-docentes_backend] INFO  o.eclipse.m2e.core.internal.Bundles - 	Entry: C:\workspace\sts-4.31.0.RELEASE\plugins\org.eclipse.m2e.maven.runtime_3.9.900.20250220-2013\jars\maven-resolver-transport-wagon-1.9.22.jar
2025-06-28 18:20:53,979 [Worker-9: Launching Executing clean in C__workspace_TFI_Gestion-docentes_backend] INFO  o.eclipse.m2e.core.internal.Bundles - 	Entry: C:\workspace\sts-4.31.0.RELEASE\plugins\org.eclipse.m2e.maven.runtime_3.9.900.20250220-2013\jars\maven-resolver-util-1.9.22.jar
2025-06-28 18:20:53,979 [Worker-9: Launching Executing clean in C__workspace_TFI_Gestion-docentes_backend] INFO  o.eclipse.m2e.core.internal.Bundles - 	Entry: C:\workspace\sts-4.31.0.RELEASE\plugins\org.eclipse.m2e.maven.runtime_3.9.900.20250220-2013\jars\maven-settings-3.9.9.jar
2025-06-28 18:20:53,979 [Worker-9: Launching Executing clean in C__workspace_TFI_Gestion-docentes_backend] INFO  o.eclipse.m2e.core.internal.Bundles - 	Entry: C:\workspace\sts-4.31.0.RELEASE\plugins\org.eclipse.m2e.maven.runtime_3.9.900.20250220-2013\jars\maven-settings-builder-3.9.9.jar
2025-06-28 18:20:53,979 [Worker-9: Launching Executing clean in C__workspace_TFI_Gestion-docentes_backend] INFO  o.eclipse.m2e.core.internal.Bundles - 	Entry: C:\workspace\sts-4.31.0.RELEASE\plugins\org.eclipse.m2e.maven.runtime_3.9.900.20250220-2013\jars\maven-shared-utils-3.4.2.jar
2025-06-28 18:20:53,979 [Worker-9: Launching Executing clean in C__workspace_TFI_Gestion-docentes_backend] INFO  o.eclipse.m2e.core.internal.Bundles - 	Entry: C:\workspace\sts-4.31.0.RELEASE\plugins\org.eclipse.m2e.maven.runtime_3.9.900.20250220-2013\jars\org.eclipse.sisu.inject-0.9.0.M3.jar
2025-06-28 18:20:53,979 [Worker-9: Launching Executing clean in C__workspace_TFI_Gestion-docentes_backend] INFO  o.eclipse.m2e.core.internal.Bundles - 	Entry: C:\workspace\sts-4.31.0.RELEASE\plugins\org.eclipse.m2e.maven.runtime_3.9.900.20250220-2013\jars\org.eclipse.sisu.plexus-0.9.0.M3.jar
2025-06-28 18:20:53,979 [Worker-9: Launching Executing clean in C__workspace_TFI_Gestion-docentes_backend] INFO  o.eclipse.m2e.core.internal.Bundles - 	Entry: C:\workspace\sts-4.31.0.RELEASE\plugins\org.eclipse.m2e.maven.runtime_3.9.900.20250220-2013\jars\plexus-build-api-0.0.7.jar
2025-06-28 18:20:53,980 [Worker-9: Launching Executing clean in C__workspace_TFI_Gestion-docentes_backend] INFO  o.eclipse.m2e.core.internal.Bundles - 	Entry: C:\workspace\sts-4.31.0.RELEASE\plugins\org.eclipse.m2e.maven.runtime_3.9.900.20250220-2013\jars\plexus-build-api-1.2.0.jar
2025-06-28 18:20:53,980 [Worker-9: Launching Executing clean in C__workspace_TFI_Gestion-docentes_backend] INFO  o.eclipse.m2e.core.internal.Bundles - 	Entry: C:\workspace\sts-4.31.0.RELEASE\plugins\org.eclipse.m2e.maven.runtime_3.9.900.20250220-2013\jars\plexus-cipher-2.0.jar
2025-06-28 18:20:53,980 [Worker-9: Launching Executing clean in C__workspace_TFI_Gestion-docentes_backend] INFO  o.eclipse.m2e.core.internal.Bundles - 	Entry: C:\workspace\sts-4.31.0.RELEASE\plugins\org.eclipse.m2e.maven.runtime_3.9.900.20250220-2013\jars\plexus-classworlds-2.8.0.jar
2025-06-28 18:20:53,980 [Worker-9: Launching Executing clean in C__workspace_TFI_Gestion-docentes_backend] INFO  o.eclipse.m2e.core.internal.Bundles - 	Entry: C:\workspace\sts-4.31.0.RELEASE\plugins\org.eclipse.m2e.maven.runtime_3.9.900.20250220-2013\jars\plexus-component-annotations-2.1.0.jar
2025-06-28 18:20:53,980 [Worker-9: Launching Executing clean in C__workspace_TFI_Gestion-docentes_backend] INFO  o.eclipse.m2e.core.internal.Bundles - 	Entry: C:\workspace\sts-4.31.0.RELEASE\plugins\org.eclipse.m2e.maven.runtime_3.9.900.20250220-2013\jars\plexus-interpolation-1.27.jar
2025-06-28 18:20:53,980 [Worker-9: Launching Executing clean in C__workspace_TFI_Gestion-docentes_backend] INFO  o.eclipse.m2e.core.internal.Bundles - 	Entry: C:\workspace\sts-4.31.0.RELEASE\plugins\org.eclipse.m2e.maven.runtime_3.9.900.20250220-2013\jars\plexus-sec-dispatcher-2.0.jar
2025-06-28 18:20:53,980 [Worker-9: Launching Executing clean in C__workspace_TFI_Gestion-docentes_backend] INFO  o.eclipse.m2e.core.internal.Bundles - 	Entry: C:\workspace\sts-4.31.0.RELEASE\plugins\org.eclipse.m2e.maven.runtime_3.9.900.20250220-2013\jars\plexus-utils-3.5.1.jar
2025-06-28 18:20:53,980 [Worker-9: Launching Executing clean in C__workspace_TFI_Gestion-docentes_backend] INFO  o.eclipse.m2e.core.internal.Bundles - 	Entry: C:\workspace\sts-4.31.0.RELEASE\plugins\org.eclipse.m2e.maven.runtime_3.9.900.20250220-2013\jars\plexus-xml-3.0.1.jar
2025-06-28 18:20:53,980 [Worker-9: Launching Executing clean in C__workspace_TFI_Gestion-docentes_backend] INFO  o.eclipse.m2e.core.internal.Bundles - 	Entry: C:\workspace\sts-4.31.0.RELEASE\plugins\org.eclipse.m2e.maven.runtime_3.9.900.20250220-2013\jars\wagon-file-3.5.3.jar
2025-06-28 18:20:53,980 [Worker-9: Launching Executing clean in C__workspace_TFI_Gestion-docentes_backend] INFO  o.eclipse.m2e.core.internal.Bundles - 	Entry: C:\workspace\sts-4.31.0.RELEASE\plugins\org.eclipse.m2e.maven.runtime_3.9.900.20250220-2013\jars\wagon-http-3.5.3.jar
2025-06-28 18:20:53,980 [Worker-9: Launching Executing clean in C__workspace_TFI_Gestion-docentes_backend] INFO  o.eclipse.m2e.core.internal.Bundles - 	Entry: C:\workspace\sts-4.31.0.RELEASE\plugins\org.eclipse.m2e.maven.runtime_3.9.900.20250220-2013\jars\wagon-http-shared-3.5.3.jar
2025-06-28 18:20:53,980 [Worker-9: Launching Executing clean in C__workspace_TFI_Gestion-docentes_backend] INFO  o.eclipse.m2e.core.internal.Bundles - 	Entry: C:\workspace\sts-4.31.0.RELEASE\plugins\org.eclipse.m2e.maven.runtime_3.9.900.20250220-2013\jars\wagon-provider-api-3.5.3.jar
2025-06-28 18:20:53,981 [Worker-9: Launching Executing clean in C__workspace_TFI_Gestion-docentes_backend] INFO  o.eclipse.m2e.core.internal.Bundles - getClasspathEntries(Bundle=com.google.guava_33.4.8.jre [31])
2025-06-28 18:20:53,981 [Worker-9: Launching Executing clean in C__workspace_TFI_Gestion-docentes_backend] INFO  o.eclipse.m2e.core.internal.Bundles - 	Entry: C:\workspace\sts-4.31.0.RELEASE\plugins\com.google.guava_33.4.8.jre.jar
2025-06-28 18:20:53,981 [Worker-9: Launching Executing clean in C__workspace_TFI_Gestion-docentes_backend] INFO  o.eclipse.m2e.core.internal.Bundles - getClasspathEntries(Bundle=slf4j.api_2.0.17 [613])
2025-06-28 18:20:53,981 [Worker-9: Launching Executing clean in C__workspace_TFI_Gestion-docentes_backend] INFO  o.eclipse.m2e.core.internal.Bundles - 	Entry: C:\workspace\sts-4.31.0.RELEASE\plugins\slf4j.api_2.0.17.jar
2025-06-28 18:20:53,981 [Worker-9: Launching Executing clean in C__workspace_TFI_Gestion-docentes_backend] INFO  o.eclipse.m2e.core.internal.Bundles - getClasspathEntries(Bundle=jakarta.inject.jakarta.inject-api_1.0.5 [46])
2025-06-28 18:20:53,982 [Worker-9: Launching Executing clean in C__workspace_TFI_Gestion-docentes_backend] INFO  o.eclipse.m2e.core.internal.Bundles - 	Entry: C:\workspace\sts-4.31.0.RELEASE\plugins\jakarta.inject.jakarta.inject-api_1.0.5.jar
2025-06-28 18:20:53,982 [Worker-9: Launching Executing clean in C__workspace_TFI_Gestion-docentes_backend] INFO  o.eclipse.m2e.core.internal.Bundles - getClasspathEntries(Bundle=javax.annotation_1.3.5.v20200909-1856 [55])
2025-06-28 18:20:53,982 [Worker-9: Launching Executing clean in C__workspace_TFI_Gestion-docentes_backend] INFO  o.eclipse.m2e.core.internal.Bundles - 	Entry: C:\workspace\sts-4.31.0.RELEASE\plugins\javax.annotation_1.3.5.v20200909-1856.jar
2025-06-28 18:20:53,982 [Worker-9: Launching Executing clean in C__workspace_TFI_Gestion-docentes_backend] INFO  o.eclipse.m2e.core.internal.Bundles - getClasspathEntries(Bundle=org.apache.commons.cli_1.9.0 [79])
2025-06-28 18:20:53,983 [Worker-9: Launching Executing clean in C__workspace_TFI_Gestion-docentes_backend] INFO  o.eclipse.m2e.core.internal.Bundles - 	Entry: C:\workspace\sts-4.31.0.RELEASE\plugins\org.apache.commons.cli_1.9.0.jar
2025-06-28 18:20:53,983 [Worker-9: Launching Executing clean in C__workspace_TFI_Gestion-docentes_backend] INFO  o.eclipse.m2e.core.internal.Bundles - getClasspathEntries(Bundle=org.apache.commons.commons-codec_1.16.0 [81])
2025-06-28 18:20:53,984 [Worker-9: Launching Executing clean in C__workspace_TFI_Gestion-docentes_backend] INFO  o.eclipse.m2e.core.internal.Bundles - 	Entry: C:\workspace\sts-4.31.0.RELEASE\plugins\org.apache.commons.commons-codec_1.16.0.jar
2025-06-28 18:20:53,984 [Worker-9: Launching Executing clean in C__workspace_TFI_Gestion-docentes_backend] INFO  o.eclipse.m2e.core.internal.Bundles - getClasspathEntries(Bundle=com.google.guava.failureaccess_1.0.3 [32])
2025-06-28 18:20:53,984 [Worker-9: Launching Executing clean in C__workspace_TFI_Gestion-docentes_backend] INFO  o.eclipse.m2e.core.internal.Bundles - 	Entry: C:\workspace\sts-4.31.0.RELEASE\plugins\com.google.guava.failureaccess_1.0.3.jar
2025-06-28 18:20:53,986 [Worker-9: Launching Executing clean in C__workspace_TFI_Gestion-docentes_backend] INFO  o.e.m.i.launch.MavenLaunchDelegate - Run build in "C:\workspace\TFI\Gestion-docentes\backend":
2025-06-28 18:20:53,986 [Worker-9: Launching Executing clean in C__workspace_TFI_Gestion-docentes_backend] INFO  o.e.m.i.launch.MavenLaunchDelegate -  mvn  -B -Dstyle.color=always clean
2025-06-28 18:20:57,953 [Worker-13: Building] INFO  o.a.m.s.f.DefaultMavenResourcesFiltering - Copying 1 resource from src\main\resources to target\classes
2025-06-28 18:20:57,955 [Worker-13: Building] INFO  o.a.m.s.f.DefaultMavenResourcesFiltering - Copying 0 resource from src\main\resources to target\classes
2025-06-28 18:20:57,957 [Worker-13: Building] INFO  o.a.m.s.f.DefaultMavenResourcesFiltering - skip non existing resourceDirectory C:\workspace\TFI\Gestion-docentes\backend\src\test\resources
2025-06-28 18:21:06,976 [main] INFO  o.e.m2e.actions.ExecutePomAction - Creating new launch configuration
2025-06-28 18:21:15,076 [Worker-8: Launching Executing install in C__workspace_TFI_Gestion-docentes_backend] INFO  o.eclipse.m2e.core.internal.Bundles - getClasspathEntries(Bundle=org.eclipse.m2e.maven.runtime_3.9.900.20250220-2013 [364])
2025-06-28 18:21:15,077 [Worker-8: Launching Executing install in C__workspace_TFI_Gestion-docentes_backend] INFO  o.eclipse.m2e.core.internal.Bundles - 	Entry: C:\workspace\sts-4.31.0.RELEASE\plugins\org.eclipse.m2e.maven.runtime_3.9.900.20250220-2013
2025-06-28 18:21:15,077 [Worker-8: Launching Executing install in C__workspace_TFI_Gestion-docentes_backend] INFO  o.eclipse.m2e.core.internal.Bundles - 	Entry: C:\workspace\sts-4.31.0.RELEASE\plugins\org.eclipse.m2e.maven.runtime_3.9.900.20250220-2013\jars\aopalliance-1.0.jar
2025-06-28 18:21:15,077 [Worker-8: Launching Executing install in C__workspace_TFI_Gestion-docentes_backend] INFO  o.eclipse.m2e.core.internal.Bundles - 	Entry: C:\workspace\sts-4.31.0.RELEASE\plugins\org.eclipse.m2e.maven.runtime_3.9.900.20250220-2013\jars\guice-5.1.0.jar
2025-06-28 18:21:15,077 [Worker-8: Launching Executing install in C__workspace_TFI_Gestion-docentes_backend] INFO  o.eclipse.m2e.core.internal.Bundles - 	Entry: C:\workspace\sts-4.31.0.RELEASE\plugins\org.eclipse.m2e.maven.runtime_3.9.900.20250220-2013\jars\httpclient-4.5.14.jar
2025-06-28 18:21:15,078 [Worker-8: Launching Executing install in C__workspace_TFI_Gestion-docentes_backend] INFO  o.eclipse.m2e.core.internal.Bundles - 	Entry: C:\workspace\sts-4.31.0.RELEASE\plugins\org.eclipse.m2e.maven.runtime_3.9.900.20250220-2013\jars\httpcore-4.4.16.jar
2025-06-28 18:21:15,078 [Worker-8: Launching Executing install in C__workspace_TFI_Gestion-docentes_backend] INFO  o.eclipse.m2e.core.internal.Bundles - 	Entry: C:\workspace\sts-4.31.0.RELEASE\plugins\org.eclipse.m2e.maven.runtime_3.9.900.20250220-2013\jars\jansi-2.4.1.jar
2025-06-28 18:21:15,078 [Worker-8: Launching Executing install in C__workspace_TFI_Gestion-docentes_backend] INFO  o.eclipse.m2e.core.internal.Bundles - 	Entry: C:\workspace\sts-4.31.0.RELEASE\plugins\org.eclipse.m2e.maven.runtime_3.9.900.20250220-2013\jars\jcl-over-slf4j-1.7.36.jar
2025-06-28 18:21:15,078 [Worker-8: Launching Executing install in C__workspace_TFI_Gestion-docentes_backend] INFO  o.eclipse.m2e.core.internal.Bundles - 	Entry: C:\workspace\sts-4.31.0.RELEASE\plugins\org.eclipse.m2e.maven.runtime_3.9.900.20250220-2013\jars\maven-artifact-3.9.9.jar
2025-06-28 18:21:15,078 [Worker-8: Launching Executing install in C__workspace_TFI_Gestion-docentes_backend] INFO  o.eclipse.m2e.core.internal.Bundles - 	Entry: C:\workspace\sts-4.31.0.RELEASE\plugins\org.eclipse.m2e.maven.runtime_3.9.900.20250220-2013\jars\maven-builder-support-3.9.9.jar
2025-06-28 18:21:15,078 [Worker-8: Launching Executing install in C__workspace_TFI_Gestion-docentes_backend] INFO  o.eclipse.m2e.core.internal.Bundles - 	Entry: C:\workspace\sts-4.31.0.RELEASE\plugins\org.eclipse.m2e.maven.runtime_3.9.900.20250220-2013\jars\maven-compat-3.9.9.jar
2025-06-28 18:21:15,078 [Worker-8: Launching Executing install in C__workspace_TFI_Gestion-docentes_backend] INFO  o.eclipse.m2e.core.internal.Bundles - 	Entry: C:\workspace\sts-4.31.0.RELEASE\plugins\org.eclipse.m2e.maven.runtime_3.9.900.20250220-2013\jars\maven-core-3.9.9.jar
2025-06-28 18:21:15,078 [Worker-8: Launching Executing install in C__workspace_TFI_Gestion-docentes_backend] INFO  o.eclipse.m2e.core.internal.Bundles - 	Entry: C:\workspace\sts-4.31.0.RELEASE\plugins\org.eclipse.m2e.maven.runtime_3.9.900.20250220-2013\jars\maven-embedder-3.9.9.jar
2025-06-28 18:21:15,078 [Worker-8: Launching Executing install in C__workspace_TFI_Gestion-docentes_backend] INFO  o.eclipse.m2e.core.internal.Bundles - 	Entry: C:\workspace\sts-4.31.0.RELEASE\plugins\org.eclipse.m2e.maven.runtime_3.9.900.20250220-2013\jars\maven-model-3.9.9.jar
2025-06-28 18:21:15,078 [Worker-8: Launching Executing install in C__workspace_TFI_Gestion-docentes_backend] INFO  o.eclipse.m2e.core.internal.Bundles - 	Entry: C:\workspace\sts-4.31.0.RELEASE\plugins\org.eclipse.m2e.maven.runtime_3.9.900.20250220-2013\jars\maven-model-builder-3.9.9.jar
2025-06-28 18:21:15,078 [Worker-8: Launching Executing install in C__workspace_TFI_Gestion-docentes_backend] INFO  o.eclipse.m2e.core.internal.Bundles - 	Entry: C:\workspace\sts-4.31.0.RELEASE\plugins\org.eclipse.m2e.maven.runtime_3.9.900.20250220-2013\jars\maven-plugin-api-3.9.9.jar
2025-06-28 18:21:15,078 [Worker-8: Launching Executing install in C__workspace_TFI_Gestion-docentes_backend] INFO  o.eclipse.m2e.core.internal.Bundles - 	Entry: C:\workspace\sts-4.31.0.RELEASE\plugins\org.eclipse.m2e.maven.runtime_3.9.900.20250220-2013\jars\maven-repository-metadata-3.9.9.jar
2025-06-28 18:21:15,078 [Worker-8: Launching Executing install in C__workspace_TFI_Gestion-docentes_backend] INFO  o.eclipse.m2e.core.internal.Bundles - 	Entry: C:\workspace\sts-4.31.0.RELEASE\plugins\org.eclipse.m2e.maven.runtime_3.9.900.20250220-2013\jars\maven-resolver-api-1.9.22.jar
2025-06-28 18:21:15,079 [Worker-8: Launching Executing install in C__workspace_TFI_Gestion-docentes_backend] INFO  o.eclipse.m2e.core.internal.Bundles - 	Entry: C:\workspace\sts-4.31.0.RELEASE\plugins\org.eclipse.m2e.maven.runtime_3.9.900.20250220-2013\jars\maven-resolver-connector-basic-1.9.22.jar
2025-06-28 18:21:15,079 [Worker-8: Launching Executing install in C__workspace_TFI_Gestion-docentes_backend] INFO  o.eclipse.m2e.core.internal.Bundles - 	Entry: C:\workspace\sts-4.31.0.RELEASE\plugins\org.eclipse.m2e.maven.runtime_3.9.900.20250220-2013\jars\maven-resolver-impl-1.9.22.jar
2025-06-28 18:21:15,079 [Worker-8: Launching Executing install in C__workspace_TFI_Gestion-docentes_backend] INFO  o.eclipse.m2e.core.internal.Bundles - 	Entry: C:\workspace\sts-4.31.0.RELEASE\plugins\org.eclipse.m2e.maven.runtime_3.9.900.20250220-2013\jars\maven-resolver-named-locks-1.9.22.jar
2025-06-28 18:21:15,079 [Worker-8: Launching Executing install in C__workspace_TFI_Gestion-docentes_backend] INFO  o.eclipse.m2e.core.internal.Bundles - 	Entry: C:\workspace\sts-4.31.0.RELEASE\plugins\org.eclipse.m2e.maven.runtime_3.9.900.20250220-2013\jars\maven-resolver-provider-3.9.9.jar
2025-06-28 18:21:15,079 [Worker-8: Launching Executing install in C__workspace_TFI_Gestion-docentes_backend] INFO  o.eclipse.m2e.core.internal.Bundles - 	Entry: C:\workspace\sts-4.31.0.RELEASE\plugins\org.eclipse.m2e.maven.runtime_3.9.900.20250220-2013\jars\maven-resolver-spi-1.9.22.jar
2025-06-28 18:21:15,079 [Worker-8: Launching Executing install in C__workspace_TFI_Gestion-docentes_backend] INFO  o.eclipse.m2e.core.internal.Bundles - 	Entry: C:\workspace\sts-4.31.0.RELEASE\plugins\org.eclipse.m2e.maven.runtime_3.9.900.20250220-2013\jars\maven-resolver-transport-file-1.9.22.jar
2025-06-28 18:21:15,079 [Worker-8: Launching Executing install in C__workspace_TFI_Gestion-docentes_backend] INFO  o.eclipse.m2e.core.internal.Bundles - 	Entry: C:\workspace\sts-4.31.0.RELEASE\plugins\org.eclipse.m2e.maven.runtime_3.9.900.20250220-2013\jars\maven-resolver-transport-http-1.9.22.jar
2025-06-28 18:21:15,079 [Worker-8: Launching Executing install in C__workspace_TFI_Gestion-docentes_backend] INFO  o.eclipse.m2e.core.internal.Bundles - 	Entry: C:\workspace\sts-4.31.0.RELEASE\plugins\org.eclipse.m2e.maven.runtime_3.9.900.20250220-2013\jars\maven-resolver-transport-wagon-1.9.22.jar
2025-06-28 18:21:15,079 [Worker-8: Launching Executing install in C__workspace_TFI_Gestion-docentes_backend] INFO  o.eclipse.m2e.core.internal.Bundles - 	Entry: C:\workspace\sts-4.31.0.RELEASE\plugins\org.eclipse.m2e.maven.runtime_3.9.900.20250220-2013\jars\maven-resolver-util-1.9.22.jar
2025-06-28 18:21:15,079 [Worker-8: Launching Executing install in C__workspace_TFI_Gestion-docentes_backend] INFO  o.eclipse.m2e.core.internal.Bundles - 	Entry: C:\workspace\sts-4.31.0.RELEASE\plugins\org.eclipse.m2e.maven.runtime_3.9.900.20250220-2013\jars\maven-settings-3.9.9.jar
2025-06-28 18:21:15,079 [Worker-8: Launching Executing install in C__workspace_TFI_Gestion-docentes_backend] INFO  o.eclipse.m2e.core.internal.Bundles - 	Entry: C:\workspace\sts-4.31.0.RELEASE\plugins\org.eclipse.m2e.maven.runtime_3.9.900.20250220-2013\jars\maven-settings-builder-3.9.9.jar
2025-06-28 18:21:15,080 [Worker-8: Launching Executing install in C__workspace_TFI_Gestion-docentes_backend] INFO  o.eclipse.m2e.core.internal.Bundles - 	Entry: C:\workspace\sts-4.31.0.RELEASE\plugins\org.eclipse.m2e.maven.runtime_3.9.900.20250220-2013\jars\maven-shared-utils-3.4.2.jar
2025-06-28 18:21:15,080 [Worker-8: Launching Executing install in C__workspace_TFI_Gestion-docentes_backend] INFO  o.eclipse.m2e.core.internal.Bundles - 	Entry: C:\workspace\sts-4.31.0.RELEASE\plugins\org.eclipse.m2e.maven.runtime_3.9.900.20250220-2013\jars\org.eclipse.sisu.inject-0.9.0.M3.jar
2025-06-28 18:21:15,080 [Worker-8: Launching Executing install in C__workspace_TFI_Gestion-docentes_backend] INFO  o.eclipse.m2e.core.internal.Bundles - 	Entry: C:\workspace\sts-4.31.0.RELEASE\plugins\org.eclipse.m2e.maven.runtime_3.9.900.20250220-2013\jars\org.eclipse.sisu.plexus-0.9.0.M3.jar
2025-06-28 18:21:15,080 [Worker-8: Launching Executing install in C__workspace_TFI_Gestion-docentes_backend] INFO  o.eclipse.m2e.core.internal.Bundles - 	Entry: C:\workspace\sts-4.31.0.RELEASE\plugins\org.eclipse.m2e.maven.runtime_3.9.900.20250220-2013\jars\plexus-build-api-0.0.7.jar
2025-06-28 18:21:15,080 [Worker-8: Launching Executing install in C__workspace_TFI_Gestion-docentes_backend] INFO  o.eclipse.m2e.core.internal.Bundles - 	Entry: C:\workspace\sts-4.31.0.RELEASE\plugins\org.eclipse.m2e.maven.runtime_3.9.900.20250220-2013\jars\plexus-build-api-1.2.0.jar
2025-06-28 18:21:15,080 [Worker-8: Launching Executing install in C__workspace_TFI_Gestion-docentes_backend] INFO  o.eclipse.m2e.core.internal.Bundles - 	Entry: C:\workspace\sts-4.31.0.RELEASE\plugins\org.eclipse.m2e.maven.runtime_3.9.900.20250220-2013\jars\plexus-cipher-2.0.jar
2025-06-28 18:21:15,080 [Worker-8: Launching Executing install in C__workspace_TFI_Gestion-docentes_backend] INFO  o.eclipse.m2e.core.internal.Bundles - 	Entry: C:\workspace\sts-4.31.0.RELEASE\plugins\org.eclipse.m2e.maven.runtime_3.9.900.20250220-2013\jars\plexus-classworlds-2.8.0.jar
2025-06-28 18:21:15,080 [Worker-8: Launching Executing install in C__workspace_TFI_Gestion-docentes_backend] INFO  o.eclipse.m2e.core.internal.Bundles - 	Entry: C:\workspace\sts-4.31.0.RELEASE\plugins\org.eclipse.m2e.maven.runtime_3.9.900.20250220-2013\jars\plexus-component-annotations-2.1.0.jar
2025-06-28 18:21:15,080 [Worker-8: Launching Executing install in C__workspace_TFI_Gestion-docentes_backend] INFO  o.eclipse.m2e.core.internal.Bundles - 	Entry: C:\workspace\sts-4.31.0.RELEASE\plugins\org.eclipse.m2e.maven.runtime_3.9.900.20250220-2013\jars\plexus-interpolation-1.27.jar
2025-06-28 18:21:15,080 [Worker-8: Launching Executing install in C__workspace_TFI_Gestion-docentes_backend] INFO  o.eclipse.m2e.core.internal.Bundles - 	Entry: C:\workspace\sts-4.31.0.RELEASE\plugins\org.eclipse.m2e.maven.runtime_3.9.900.20250220-2013\jars\plexus-sec-dispatcher-2.0.jar
2025-06-28 18:21:15,080 [Worker-8: Launching Executing install in C__workspace_TFI_Gestion-docentes_backend] INFO  o.eclipse.m2e.core.internal.Bundles - 	Entry: C:\workspace\sts-4.31.0.RELEASE\plugins\org.eclipse.m2e.maven.runtime_3.9.900.20250220-2013\jars\plexus-utils-3.5.1.jar
2025-06-28 18:21:15,080 [Worker-8: Launching Executing install in C__workspace_TFI_Gestion-docentes_backend] INFO  o.eclipse.m2e.core.internal.Bundles - 	Entry: C:\workspace\sts-4.31.0.RELEASE\plugins\org.eclipse.m2e.maven.runtime_3.9.900.20250220-2013\jars\plexus-xml-3.0.1.jar
2025-06-28 18:21:15,080 [Worker-8: Launching Executing install in C__workspace_TFI_Gestion-docentes_backend] INFO  o.eclipse.m2e.core.internal.Bundles - 	Entry: C:\workspace\sts-4.31.0.RELEASE\plugins\org.eclipse.m2e.maven.runtime_3.9.900.20250220-2013\jars\wagon-file-3.5.3.jar
2025-06-28 18:21:15,080 [Worker-8: Launching Executing install in C__workspace_TFI_Gestion-docentes_backend] INFO  o.eclipse.m2e.core.internal.Bundles - 	Entry: C:\workspace\sts-4.31.0.RELEASE\plugins\org.eclipse.m2e.maven.runtime_3.9.900.20250220-2013\jars\wagon-http-3.5.3.jar
2025-06-28 18:21:15,080 [Worker-8: Launching Executing install in C__workspace_TFI_Gestion-docentes_backend] INFO  o.eclipse.m2e.core.internal.Bundles - 	Entry: C:\workspace\sts-4.31.0.RELEASE\plugins\org.eclipse.m2e.maven.runtime_3.9.900.20250220-2013\jars\wagon-http-shared-3.5.3.jar
2025-06-28 18:21:15,081 [Worker-8: Launching Executing install in C__workspace_TFI_Gestion-docentes_backend] INFO  o.eclipse.m2e.core.internal.Bundles - 	Entry: C:\workspace\sts-4.31.0.RELEASE\plugins\org.eclipse.m2e.maven.runtime_3.9.900.20250220-2013\jars\wagon-provider-api-3.5.3.jar
2025-06-28 18:21:15,081 [Worker-8: Launching Executing install in C__workspace_TFI_Gestion-docentes_backend] INFO  o.eclipse.m2e.core.internal.Bundles - getClasspathEntries(Bundle=com.google.guava_33.4.8.jre [31])
2025-06-28 18:21:15,081 [Worker-8: Launching Executing install in C__workspace_TFI_Gestion-docentes_backend] INFO  o.eclipse.m2e.core.internal.Bundles - 	Entry: C:\workspace\sts-4.31.0.RELEASE\plugins\com.google.guava_33.4.8.jre.jar
2025-06-28 18:21:15,081 [Worker-8: Launching Executing install in C__workspace_TFI_Gestion-docentes_backend] INFO  o.eclipse.m2e.core.internal.Bundles - getClasspathEntries(Bundle=slf4j.api_2.0.17 [613])
2025-06-28 18:21:15,082 [Worker-8: Launching Executing install in C__workspace_TFI_Gestion-docentes_backend] INFO  o.eclipse.m2e.core.internal.Bundles - 	Entry: C:\workspace\sts-4.31.0.RELEASE\plugins\slf4j.api_2.0.17.jar
2025-06-28 18:21:15,082 [Worker-8: Launching Executing install in C__workspace_TFI_Gestion-docentes_backend] INFO  o.eclipse.m2e.core.internal.Bundles - getClasspathEntries(Bundle=jakarta.inject.jakarta.inject-api_1.0.5 [46])
2025-06-28 18:21:15,083 [Worker-8: Launching Executing install in C__workspace_TFI_Gestion-docentes_backend] INFO  o.eclipse.m2e.core.internal.Bundles - 	Entry: C:\workspace\sts-4.31.0.RELEASE\plugins\jakarta.inject.jakarta.inject-api_1.0.5.jar
2025-06-28 18:21:15,083 [Worker-8: Launching Executing install in C__workspace_TFI_Gestion-docentes_backend] INFO  o.eclipse.m2e.core.internal.Bundles - getClasspathEntries(Bundle=javax.annotation_1.3.5.v20200909-1856 [55])
2025-06-28 18:21:15,084 [Worker-8: Launching Executing install in C__workspace_TFI_Gestion-docentes_backend] INFO  o.eclipse.m2e.core.internal.Bundles - 	Entry: C:\workspace\sts-4.31.0.RELEASE\plugins\javax.annotation_1.3.5.v20200909-1856.jar
2025-06-28 18:21:15,084 [Worker-8: Launching Executing install in C__workspace_TFI_Gestion-docentes_backend] INFO  o.eclipse.m2e.core.internal.Bundles - getClasspathEntries(Bundle=org.apache.commons.cli_1.9.0 [79])
2025-06-28 18:21:15,084 [Worker-8: Launching Executing install in C__workspace_TFI_Gestion-docentes_backend] INFO  o.eclipse.m2e.core.internal.Bundles - 	Entry: C:\workspace\sts-4.31.0.RELEASE\plugins\org.apache.commons.cli_1.9.0.jar
2025-06-28 18:21:15,084 [Worker-8: Launching Executing install in C__workspace_TFI_Gestion-docentes_backend] INFO  o.eclipse.m2e.core.internal.Bundles - getClasspathEntries(Bundle=org.apache.commons.commons-codec_1.16.0 [81])
2025-06-28 18:21:15,084 [Worker-8: Launching Executing install in C__workspace_TFI_Gestion-docentes_backend] INFO  o.eclipse.m2e.core.internal.Bundles - 	Entry: C:\workspace\sts-4.31.0.RELEASE\plugins\org.apache.commons.commons-codec_1.16.0.jar
2025-06-28 18:21:15,084 [Worker-8: Launching Executing install in C__workspace_TFI_Gestion-docentes_backend] INFO  o.eclipse.m2e.core.internal.Bundles - getClasspathEntries(Bundle=com.google.guava.failureaccess_1.0.3 [32])
2025-06-28 18:21:15,084 [Worker-8: Launching Executing install in C__workspace_TFI_Gestion-docentes_backend] INFO  o.eclipse.m2e.core.internal.Bundles - 	Entry: C:\workspace\sts-4.31.0.RELEASE\plugins\com.google.guava.failureaccess_1.0.3.jar
2025-06-28 18:21:15,085 [Worker-8: Launching Executing install in C__workspace_TFI_Gestion-docentes_backend] INFO  o.e.m.i.launch.MavenLaunchDelegate - Run build in "C:\workspace\TFI\Gestion-docentes\backend":
2025-06-28 18:21:15,085 [Worker-8: Launching Executing install in C__workspace_TFI_Gestion-docentes_backend] INFO  o.e.m.i.launch.MavenLaunchDelegate -  mvn  -B -Dstyle.color=always install
2025-06-28 18:21:46,116 [Worker-8: Building] INFO  o.a.m.s.f.DefaultMavenResourcesFiltering - Copying 1 resource from src\main\resources to target\classes
2025-06-28 18:21:46,118 [Worker-8: Building] INFO  o.a.m.s.f.DefaultMavenResourcesFiltering - Copying 0 resource from src\main\resources to target\classes
2025-06-28 18:21:46,121 [Worker-8: Building] INFO  o.a.m.s.f.DefaultMavenResourcesFiltering - skip non existing resourceDirectory C:\workspace\TFI\Gestion-docentes\backend\src\test\resources
2025-06-28 18:22:00,432 [Worker-8: Launching Executing test in C__workspace_TFI_Gestion-docentes_backend] INFO  o.eclipse.m2e.core.internal.Bundles - getClasspathEntries(Bundle=org.eclipse.m2e.maven.runtime_3.9.900.20250220-2013 [364])
2025-06-28 18:22:00,432 [Worker-8: Launching Executing test in C__workspace_TFI_Gestion-docentes_backend] INFO  o.eclipse.m2e.core.internal.Bundles - 	Entry: C:\workspace\sts-4.31.0.RELEASE\plugins\org.eclipse.m2e.maven.runtime_3.9.900.20250220-2013
2025-06-28 18:22:00,433 [Worker-8: Launching Executing test in C__workspace_TFI_Gestion-docentes_backend] INFO  o.eclipse.m2e.core.internal.Bundles - 	Entry: C:\workspace\sts-4.31.0.RELEASE\plugins\org.eclipse.m2e.maven.runtime_3.9.900.20250220-2013\jars\aopalliance-1.0.jar
2025-06-28 18:22:00,433 [Worker-8: Launching Executing test in C__workspace_TFI_Gestion-docentes_backend] INFO  o.eclipse.m2e.core.internal.Bundles - 	Entry: C:\workspace\sts-4.31.0.RELEASE\plugins\org.eclipse.m2e.maven.runtime_3.9.900.20250220-2013\jars\guice-5.1.0.jar
2025-06-28 18:22:00,433 [Worker-8: Launching Executing test in C__workspace_TFI_Gestion-docentes_backend] INFO  o.eclipse.m2e.core.internal.Bundles - 	Entry: C:\workspace\sts-4.31.0.RELEASE\plugins\org.eclipse.m2e.maven.runtime_3.9.900.20250220-2013\jars\httpclient-4.5.14.jar
2025-06-28 18:22:00,433 [Worker-8: Launching Executing test in C__workspace_TFI_Gestion-docentes_backend] INFO  o.eclipse.m2e.core.internal.Bundles - 	Entry: C:\workspace\sts-4.31.0.RELEASE\plugins\org.eclipse.m2e.maven.runtime_3.9.900.20250220-2013\jars\httpcore-4.4.16.jar
2025-06-28 18:22:00,433 [Worker-8: Launching Executing test in C__workspace_TFI_Gestion-docentes_backend] INFO  o.eclipse.m2e.core.internal.Bundles - 	Entry: C:\workspace\sts-4.31.0.RELEASE\plugins\org.eclipse.m2e.maven.runtime_3.9.900.20250220-2013\jars\jansi-2.4.1.jar
2025-06-28 18:22:00,433 [Worker-8: Launching Executing test in C__workspace_TFI_Gestion-docentes_backend] INFO  o.eclipse.m2e.core.internal.Bundles - 	Entry: C:\workspace\sts-4.31.0.RELEASE\plugins\org.eclipse.m2e.maven.runtime_3.9.900.20250220-2013\jars\jcl-over-slf4j-1.7.36.jar
2025-06-28 18:22:00,433 [Worker-8: Launching Executing test in C__workspace_TFI_Gestion-docentes_backend] INFO  o.eclipse.m2e.core.internal.Bundles - 	Entry: C:\workspace\sts-4.31.0.RELEASE\plugins\org.eclipse.m2e.maven.runtime_3.9.900.20250220-2013\jars\maven-artifact-3.9.9.jar
2025-06-28 18:22:00,433 [Worker-8: Launching Executing test in C__workspace_TFI_Gestion-docentes_backend] INFO  o.eclipse.m2e.core.internal.Bundles - 	Entry: C:\workspace\sts-4.31.0.RELEASE\plugins\org.eclipse.m2e.maven.runtime_3.9.900.20250220-2013\jars\maven-builder-support-3.9.9.jar
2025-06-28 18:22:00,433 [Worker-8: Launching Executing test in C__workspace_TFI_Gestion-docentes_backend] INFO  o.eclipse.m2e.core.internal.Bundles - 	Entry: C:\workspace\sts-4.31.0.RELEASE\plugins\org.eclipse.m2e.maven.runtime_3.9.900.20250220-2013\jars\maven-compat-3.9.9.jar
2025-06-28 18:22:00,434 [Worker-8: Launching Executing test in C__workspace_TFI_Gestion-docentes_backend] INFO  o.eclipse.m2e.core.internal.Bundles - 	Entry: C:\workspace\sts-4.31.0.RELEASE\plugins\org.eclipse.m2e.maven.runtime_3.9.900.20250220-2013\jars\maven-core-3.9.9.jar
2025-06-28 18:22:00,434 [Worker-8: Launching Executing test in C__workspace_TFI_Gestion-docentes_backend] INFO  o.eclipse.m2e.core.internal.Bundles - 	Entry: C:\workspace\sts-4.31.0.RELEASE\plugins\org.eclipse.m2e.maven.runtime_3.9.900.20250220-2013\jars\maven-embedder-3.9.9.jar
2025-06-28 18:22:00,434 [Worker-8: Launching Executing test in C__workspace_TFI_Gestion-docentes_backend] INFO  o.eclipse.m2e.core.internal.Bundles - 	Entry: C:\workspace\sts-4.31.0.RELEASE\plugins\org.eclipse.m2e.maven.runtime_3.9.900.20250220-2013\jars\maven-model-3.9.9.jar
2025-06-28 18:22:00,434 [Worker-8: Launching Executing test in C__workspace_TFI_Gestion-docentes_backend] INFO  o.eclipse.m2e.core.internal.Bundles - 	Entry: C:\workspace\sts-4.31.0.RELEASE\plugins\org.eclipse.m2e.maven.runtime_3.9.900.20250220-2013\jars\maven-model-builder-3.9.9.jar
2025-06-28 18:22:00,434 [Worker-8: Launching Executing test in C__workspace_TFI_Gestion-docentes_backend] INFO  o.eclipse.m2e.core.internal.Bundles - 	Entry: C:\workspace\sts-4.31.0.RELEASE\plugins\org.eclipse.m2e.maven.runtime_3.9.900.20250220-2013\jars\maven-plugin-api-3.9.9.jar
2025-06-28 18:22:00,434 [Worker-8: Launching Executing test in C__workspace_TFI_Gestion-docentes_backend] INFO  o.eclipse.m2e.core.internal.Bundles - 	Entry: C:\workspace\sts-4.31.0.RELEASE\plugins\org.eclipse.m2e.maven.runtime_3.9.900.20250220-2013\jars\maven-repository-metadata-3.9.9.jar
2025-06-28 18:22:00,434 [Worker-8: Launching Executing test in C__workspace_TFI_Gestion-docentes_backend] INFO  o.eclipse.m2e.core.internal.Bundles - 	Entry: C:\workspace\sts-4.31.0.RELEASE\plugins\org.eclipse.m2e.maven.runtime_3.9.900.20250220-2013\jars\maven-resolver-api-1.9.22.jar
2025-06-28 18:22:00,434 [Worker-8: Launching Executing test in C__workspace_TFI_Gestion-docentes_backend] INFO  o.eclipse.m2e.core.internal.Bundles - 	Entry: C:\workspace\sts-4.31.0.RELEASE\plugins\org.eclipse.m2e.maven.runtime_3.9.900.20250220-2013\jars\maven-resolver-connector-basic-1.9.22.jar
2025-06-28 18:22:00,435 [Worker-8: Launching Executing test in C__workspace_TFI_Gestion-docentes_backend] INFO  o.eclipse.m2e.core.internal.Bundles - 	Entry: C:\workspace\sts-4.31.0.RELEASE\plugins\org.eclipse.m2e.maven.runtime_3.9.900.20250220-2013\jars\maven-resolver-impl-1.9.22.jar
2025-06-28 18:22:00,435 [Worker-8: Launching Executing test in C__workspace_TFI_Gestion-docentes_backend] INFO  o.eclipse.m2e.core.internal.Bundles - 	Entry: C:\workspace\sts-4.31.0.RELEASE\plugins\org.eclipse.m2e.maven.runtime_3.9.900.20250220-2013\jars\maven-resolver-named-locks-1.9.22.jar
2025-06-28 18:22:00,435 [Worker-8: Launching Executing test in C__workspace_TFI_Gestion-docentes_backend] INFO  o.eclipse.m2e.core.internal.Bundles - 	Entry: C:\workspace\sts-4.31.0.RELEASE\plugins\org.eclipse.m2e.maven.runtime_3.9.900.20250220-2013\jars\maven-resolver-provider-3.9.9.jar
2025-06-28 18:22:00,435 [Worker-8: Launching Executing test in C__workspace_TFI_Gestion-docentes_backend] INFO  o.eclipse.m2e.core.internal.Bundles - 	Entry: C:\workspace\sts-4.31.0.RELEASE\plugins\org.eclipse.m2e.maven.runtime_3.9.900.20250220-2013\jars\maven-resolver-spi-1.9.22.jar
2025-06-28 18:22:00,435 [Worker-8: Launching Executing test in C__workspace_TFI_Gestion-docentes_backend] INFO  o.eclipse.m2e.core.internal.Bundles - 	Entry: C:\workspace\sts-4.31.0.RELEASE\plugins\org.eclipse.m2e.maven.runtime_3.9.900.20250220-2013\jars\maven-resolver-transport-file-1.9.22.jar
2025-06-28 18:22:00,435 [Worker-8: Launching Executing test in C__workspace_TFI_Gestion-docentes_backend] INFO  o.eclipse.m2e.core.internal.Bundles - 	Entry: C:\workspace\sts-4.31.0.RELEASE\plugins\org.eclipse.m2e.maven.runtime_3.9.900.20250220-2013\jars\maven-resolver-transport-http-1.9.22.jar
2025-06-28 18:22:00,436 [Worker-8: Launching Executing test in C__workspace_TFI_Gestion-docentes_backend] INFO  o.eclipse.m2e.core.internal.Bundles - 	Entry: C:\workspace\sts-4.31.0.RELEASE\plugins\org.eclipse.m2e.maven.runtime_3.9.900.20250220-2013\jars\maven-resolver-transport-wagon-1.9.22.jar
2025-06-28 18:22:00,436 [Worker-8: Launching Executing test in C__workspace_TFI_Gestion-docentes_backend] INFO  o.eclipse.m2e.core.internal.Bundles - 	Entry: C:\workspace\sts-4.31.0.RELEASE\plugins\org.eclipse.m2e.maven.runtime_3.9.900.20250220-2013\jars\maven-resolver-util-1.9.22.jar
2025-06-28 18:22:00,436 [Worker-8: Launching Executing test in C__workspace_TFI_Gestion-docentes_backend] INFO  o.eclipse.m2e.core.internal.Bundles - 	Entry: C:\workspace\sts-4.31.0.RELEASE\plugins\org.eclipse.m2e.maven.runtime_3.9.900.20250220-2013\jars\maven-settings-3.9.9.jar
2025-06-28 18:22:00,436 [Worker-8: Launching Executing test in C__workspace_TFI_Gestion-docentes_backend] INFO  o.eclipse.m2e.core.internal.Bundles - 	Entry: C:\workspace\sts-4.31.0.RELEASE\plugins\org.eclipse.m2e.maven.runtime_3.9.900.20250220-2013\jars\maven-settings-builder-3.9.9.jar
2025-06-28 18:22:00,436 [Worker-8: Launching Executing test in C__workspace_TFI_Gestion-docentes_backend] INFO  o.eclipse.m2e.core.internal.Bundles - 	Entry: C:\workspace\sts-4.31.0.RELEASE\plugins\org.eclipse.m2e.maven.runtime_3.9.900.20250220-2013\jars\maven-shared-utils-3.4.2.jar
2025-06-28 18:22:00,436 [Worker-8: Launching Executing test in C__workspace_TFI_Gestion-docentes_backend] INFO  o.eclipse.m2e.core.internal.Bundles - 	Entry: C:\workspace\sts-4.31.0.RELEASE\plugins\org.eclipse.m2e.maven.runtime_3.9.900.20250220-2013\jars\org.eclipse.sisu.inject-0.9.0.M3.jar
2025-06-28 18:22:00,436 [Worker-8: Launching Executing test in C__workspace_TFI_Gestion-docentes_backend] INFO  o.eclipse.m2e.core.internal.Bundles - 	Entry: C:\workspace\sts-4.31.0.RELEASE\plugins\org.eclipse.m2e.maven.runtime_3.9.900.20250220-2013\jars\org.eclipse.sisu.plexus-0.9.0.M3.jar
2025-06-28 18:22:00,436 [Worker-8: Launching Executing test in C__workspace_TFI_Gestion-docentes_backend] INFO  o.eclipse.m2e.core.internal.Bundles - 	Entry: C:\workspace\sts-4.31.0.RELEASE\plugins\org.eclipse.m2e.maven.runtime_3.9.900.20250220-2013\jars\plexus-build-api-0.0.7.jar
2025-06-28 18:22:00,436 [Worker-8: Launching Executing test in C__workspace_TFI_Gestion-docentes_backend] INFO  o.eclipse.m2e.core.internal.Bundles - 	Entry: C:\workspace\sts-4.31.0.RELEASE\plugins\org.eclipse.m2e.maven.runtime_3.9.900.20250220-2013\jars\plexus-build-api-1.2.0.jar
2025-06-28 18:22:00,436 [Worker-8: Launching Executing test in C__workspace_TFI_Gestion-docentes_backend] INFO  o.eclipse.m2e.core.internal.Bundles - 	Entry: C:\workspace\sts-4.31.0.RELEASE\plugins\org.eclipse.m2e.maven.runtime_3.9.900.20250220-2013\jars\plexus-cipher-2.0.jar
2025-06-28 18:22:00,436 [Worker-8: Launching Executing test in C__workspace_TFI_Gestion-docentes_backend] INFO  o.eclipse.m2e.core.internal.Bundles - 	Entry: C:\workspace\sts-4.31.0.RELEASE\plugins\org.eclipse.m2e.maven.runtime_3.9.900.20250220-2013\jars\plexus-classworlds-2.8.0.jar
2025-06-28 18:22:00,437 [Worker-8: Launching Executing test in C__workspace_TFI_Gestion-docentes_backend] INFO  o.eclipse.m2e.core.internal.Bundles - 	Entry: C:\workspace\sts-4.31.0.RELEASE\plugins\org.eclipse.m2e.maven.runtime_3.9.900.20250220-2013\jars\plexus-component-annotations-2.1.0.jar
2025-06-28 18:22:00,437 [Worker-8: Launching Executing test in C__workspace_TFI_Gestion-docentes_backend] INFO  o.eclipse.m2e.core.internal.Bundles - 	Entry: C:\workspace\sts-4.31.0.RELEASE\plugins\org.eclipse.m2e.maven.runtime_3.9.900.20250220-2013\jars\plexus-interpolation-1.27.jar
2025-06-28 18:22:00,437 [Worker-8: Launching Executing test in C__workspace_TFI_Gestion-docentes_backend] INFO  o.eclipse.m2e.core.internal.Bundles - 	Entry: C:\workspace\sts-4.31.0.RELEASE\plugins\org.eclipse.m2e.maven.runtime_3.9.900.20250220-2013\jars\plexus-sec-dispatcher-2.0.jar
2025-06-28 18:22:00,437 [Worker-8: Launching Executing test in C__workspace_TFI_Gestion-docentes_backend] INFO  o.eclipse.m2e.core.internal.Bundles - 	Entry: C:\workspace\sts-4.31.0.RELEASE\plugins\org.eclipse.m2e.maven.runtime_3.9.900.20250220-2013\jars\plexus-utils-3.5.1.jar
2025-06-28 18:22:00,437 [Worker-8: Launching Executing test in C__workspace_TFI_Gestion-docentes_backend] INFO  o.eclipse.m2e.core.internal.Bundles - 	Entry: C:\workspace\sts-4.31.0.RELEASE\plugins\org.eclipse.m2e.maven.runtime_3.9.900.20250220-2013\jars\plexus-xml-3.0.1.jar
2025-06-28 18:22:00,437 [Worker-8: Launching Executing test in C__workspace_TFI_Gestion-docentes_backend] INFO  o.eclipse.m2e.core.internal.Bundles - 	Entry: C:\workspace\sts-4.31.0.RELEASE\plugins\org.eclipse.m2e.maven.runtime_3.9.900.20250220-2013\jars\wagon-file-3.5.3.jar
2025-06-28 18:22:00,437 [Worker-8: Launching Executing test in C__workspace_TFI_Gestion-docentes_backend] INFO  o.eclipse.m2e.core.internal.Bundles - 	Entry: C:\workspace\sts-4.31.0.RELEASE\plugins\org.eclipse.m2e.maven.runtime_3.9.900.20250220-2013\jars\wagon-http-3.5.3.jar
2025-06-28 18:22:00,437 [Worker-8: Launching Executing test in C__workspace_TFI_Gestion-docentes_backend] INFO  o.eclipse.m2e.core.internal.Bundles - 	Entry: C:\workspace\sts-4.31.0.RELEASE\plugins\org.eclipse.m2e.maven.runtime_3.9.900.20250220-2013\jars\wagon-http-shared-3.5.3.jar
2025-06-28 18:22:00,438 [Worker-8: Launching Executing test in C__workspace_TFI_Gestion-docentes_backend] INFO  o.eclipse.m2e.core.internal.Bundles - 	Entry: C:\workspace\sts-4.31.0.RELEASE\plugins\org.eclipse.m2e.maven.runtime_3.9.900.20250220-2013\jars\wagon-provider-api-3.5.3.jar
2025-06-28 18:22:00,438 [Worker-8: Launching Executing test in C__workspace_TFI_Gestion-docentes_backend] INFO  o.eclipse.m2e.core.internal.Bundles - getClasspathEntries(Bundle=com.google.guava_33.4.8.jre [31])
2025-06-28 18:22:00,439 [Worker-8: Launching Executing test in C__workspace_TFI_Gestion-docentes_backend] INFO  o.eclipse.m2e.core.internal.Bundles - 	Entry: C:\workspace\sts-4.31.0.RELEASE\plugins\com.google.guava_33.4.8.jre.jar
2025-06-28 18:22:00,439 [Worker-8: Launching Executing test in C__workspace_TFI_Gestion-docentes_backend] INFO  o.eclipse.m2e.core.internal.Bundles - getClasspathEntries(Bundle=slf4j.api_2.0.17 [613])
2025-06-28 18:22:00,440 [Worker-8: Launching Executing test in C__workspace_TFI_Gestion-docentes_backend] INFO  o.eclipse.m2e.core.internal.Bundles - 	Entry: C:\workspace\sts-4.31.0.RELEASE\plugins\slf4j.api_2.0.17.jar
2025-06-28 18:22:00,440 [Worker-8: Launching Executing test in C__workspace_TFI_Gestion-docentes_backend] INFO  o.eclipse.m2e.core.internal.Bundles - getClasspathEntries(Bundle=jakarta.inject.jakarta.inject-api_1.0.5 [46])
2025-06-28 18:22:00,440 [Worker-8: Launching Executing test in C__workspace_TFI_Gestion-docentes_backend] INFO  o.eclipse.m2e.core.internal.Bundles - 	Entry: C:\workspace\sts-4.31.0.RELEASE\plugins\jakarta.inject.jakarta.inject-api_1.0.5.jar
2025-06-28 18:22:00,440 [Worker-8: Launching Executing test in C__workspace_TFI_Gestion-docentes_backend] INFO  o.eclipse.m2e.core.internal.Bundles - getClasspathEntries(Bundle=javax.annotation_1.3.5.v20200909-1856 [55])
2025-06-28 18:22:00,441 [Worker-8: Launching Executing test in C__workspace_TFI_Gestion-docentes_backend] INFO  o.eclipse.m2e.core.internal.Bundles - 	Entry: C:\workspace\sts-4.31.0.RELEASE\plugins\javax.annotation_1.3.5.v20200909-1856.jar
2025-06-28 18:22:00,441 [Worker-8: Launching Executing test in C__workspace_TFI_Gestion-docentes_backend] INFO  o.eclipse.m2e.core.internal.Bundles - getClasspathEntries(Bundle=org.apache.commons.cli_1.9.0 [79])
2025-06-28 18:22:00,441 [Worker-8: Launching Executing test in C__workspace_TFI_Gestion-docentes_backend] INFO  o.eclipse.m2e.core.internal.Bundles - 	Entry: C:\workspace\sts-4.31.0.RELEASE\plugins\org.apache.commons.cli_1.9.0.jar
2025-06-28 18:22:00,441 [Worker-8: Launching Executing test in C__workspace_TFI_Gestion-docentes_backend] INFO  o.eclipse.m2e.core.internal.Bundles - getClasspathEntries(Bundle=org.apache.commons.commons-codec_1.16.0 [81])
2025-06-28 18:22:00,441 [Worker-8: Launching Executing test in C__workspace_TFI_Gestion-docentes_backend] INFO  o.eclipse.m2e.core.internal.Bundles - 	Entry: C:\workspace\sts-4.31.0.RELEASE\plugins\org.apache.commons.commons-codec_1.16.0.jar
2025-06-28 18:22:00,441 [Worker-8: Launching Executing test in C__workspace_TFI_Gestion-docentes_backend] INFO  o.eclipse.m2e.core.internal.Bundles - getClasspathEntries(Bundle=com.google.guava.failureaccess_1.0.3 [32])
2025-06-28 18:22:00,441 [Worker-8: Launching Executing test in C__workspace_TFI_Gestion-docentes_backend] INFO  o.eclipse.m2e.core.internal.Bundles - 	Entry: C:\workspace\sts-4.31.0.RELEASE\plugins\com.google.guava.failureaccess_1.0.3.jar
2025-06-28 18:22:00,443 [Worker-8: Launching Executing test in C__workspace_TFI_Gestion-docentes_backend] INFO  o.e.m.i.launch.MavenLaunchDelegate - Run build in "C:\workspace\TFI\Gestion-docentes\backend":
2025-06-28 18:22:00,443 [Worker-8: Launching Executing test in C__workspace_TFI_Gestion-docentes_backend] INFO  o.e.m.i.launch.MavenLaunchDelegate -  mvn  -B -Dstyle.color=always test
